0 info it worked if it ends with ok
1 verbose cli [ '/usr/local/Cellar/node/0.10.2/bin/node',
1 verbose cli   '/usr/local/bin/npm',
1 verbose cli   'start' ]
2 info using npm@1.2.15
3 info using node@v0.10.2
4 verbose read json /Users/dli/code/github/lite/pinche/pinche-robot/package.json
5 verbose run-script [ 'prestart', 'start', 'poststart' ]
6 info prestart weixin-robot-example@0.0.3
7 info start weixin-robot-example@0.0.3
8 verbose unsafe-perm in lifecycle true
9 silly exec sh "-c" "node app.js"
10 silly sh,-c,node app.js,/Users/dli/code/github/lite/pinche/pinche-robot spawning
11 info weixin-robot-example@0.0.3 Failed to exec start script
12 error weixin-robot-example@0.0.3 start: `node app.js`
12 error `sh "-c" "node app.js"` failed with 8
13 error Failed at the weixin-robot-example@0.0.3 start script.
13 error This is most likely a problem with the weixin-robot-example package,
13 error not with npm itself.
13 error Tell the author that this fails on your system:
13 error     node app.js
13 error You can get their info via:
13 error     npm owner ls weixin-robot-example
13 error There is likely additional logging output above.
14 error System Darwin 11.4.2
15 error command "/usr/local/Cellar/node/0.10.2/bin/node" "/usr/local/bin/npm" "start"
16 error cwd /Users/dli/code/github/lite/pinche/pinche-robot
17 error node -v v0.10.2
18 error npm -v 1.2.15
19 error code ELIFECYCLE
20 verbose exit [ 1, true ]
